<?xml version="1.0" encoding="UTF-8"?>
<testng-results skipped="0" failed="0" ignored="0" total="1" passed="1">
  <reporter-output>
  </reporter-output>
  <suite name="Default suite" duration-ms="10527" started-at="2019-07-25T12:32:19Z" finished-at="2019-07-25T12:32:29Z">
    <groups>
    </groups>
    <test name="Default test" duration-ms="10527" started-at="2019-07-25T12:32:19Z" finished-at="2019-07-25T12:32:29Z">
      <class name="Appiumtest">
        <test-method status="PASS" signature="test1_launch_package()[pri:0, instance:Appiumtest@59ec2012]" name="test1_launch_package" is-config="true" duration-ms="7403" started-at="2019-07-25T12:32:11Z" finished-at="2019-07-25T12:32:19Z">
          <reporter-output>
          </reporter-output>
        </test-method> <!-- test1_launch_package -->
        <test-method status="PASS" signature="test2__New()[pri:0, instance:Appiumtest@59ec2012]" name="test2__New" duration-ms="10511" started-at="2019-07-25T12:32:19Z" finished-at="2019-07-25T12:32:29Z">
          <reporter-output>
          </reporter-output>
        </test-method> <!-- test2__New -->
        <test-method status="PASS" signature="close_driver()[pri:0, instance:Appiumtest@59ec2012]" name="close_driver" is-config="true" duration-ms="1360" started-at="2019-07-25T12:32:29Z" finished-at="2019-07-25T12:32:31Z">
          <reporter-output>
          </reporter-output>
        </test-method> <!-- close_driver -->
      </class> <!-- Appiumtest -->
    </test> <!-- Default test -->
  </suite> <!-- Default suite -->
</testng-results>
